[iothub] 2017-10-12 17:18:40.1840 - [INFO] org.springframework.context.support.ClassPathXmlApplicationContext.prepareRefresh(513): Refreshing org.springframework.context.support.ClassPathXmlApplicationContext@17556fd: startup date [Thu Oct 12 17:18:40 SGT 2017]; root of context hierarchy
[iothub] 2017-10-12 17:18:40.1840 - [INFO] org.springframework.beans.factory.xml.XmlBeanDefinitionReader.loadBeanDefinitions(316): Loading XML bean definitions from class path resource [mbean/remote/server.xml]
[iothub] 2017-10-12 17:18:41.1841 - [INFO] org.springframework.jmx.export.annotation.AnnotationMBeanExporter.afterPropertiesSet(415): Registering beans for JMX exposure on startup
[iothub] 2017-10-12 17:18:41.1841 - [INFO] org.springframework.remoting.rmi.RmiRegistryFactoryBean.getRegistry(254): Looking for RMI registry at port '1099'
[iothub] 2017-10-12 17:18:44.1844 - [INFO] org.springframework.remoting.rmi.RmiRegistryFactoryBean.getRegistry(265): Could not detect RMI registry - creating new one
[iothub] 2017-10-12 17:18:44.1844 - [INFO] org.springframework.jmx.support.ConnectorServerFactoryBean.afterPropertiesSet(192): JMX connector server started: javax.management.remote.rmi.RMIConnectorServer@18ba8c8
[iothub] 2017-10-12 17:18:44.1844 - [INFO] org.springframework.jmx.export.annotation.AnnotationMBeanExporter.autodetect(895): Bean with name 'org.springframework.jmx.support.ConnectorServerFactoryBean#0' has been autodetected for JMX exposure
[iothub] 2017-10-12 17:18:44.1844 - [INFO] org.springframework.jmx.export.annotation.AnnotationMBeanExporter.autodetect(895): Bean with name 'remoteBean' has been autodetected for JMX exposure
[iothub] 2017-10-12 17:18:44.1844 - [INFO] org.springframework.jmx.export.annotation.AnnotationMBeanExporter.registerBeanInstance(658): Located managed bean 'remoteBean': registering with JMX server as MBean [remote:name=RemoteBean]
[iothub] 2017-10-12 17:18:44.1844 - [INFO] org.springframework.jmx.export.annotation.AnnotationMBeanExporter.registerBeanInstance(651): Located MBean 'org.springframework.jmx.support.ConnectorServerFactoryBean#0': registering with JMX server as MBean [javax.management.remote.rmi:name=org.springframework.jmx.support.ConnectorServerFactoryBean#0,type=RMIConnectorServer]
[iothub] 2017-10-12 17:18:44.1844 - [INFO] org.springframework.context.support.ClassPathXmlApplicationContext.prepareRefresh(513): Refreshing org.springframework.context.support.ClassPathXmlApplicationContext@3ee3a2: startup date [Thu Oct 12 17:18:44 SGT 2017]; root of context hierarchy
[iothub] 2017-10-12 17:18:44.1844 - [INFO] org.springframework.beans.factory.xml.XmlBeanDefinitionReader.loadBeanDefinitions(316): Loading XML bean definitions from class path resource [mbean/remote/client.xml]
[iothub] 2017-10-12 17:21:49.2149 - [INFO] org.springframework.context.support.ClassPathXmlApplicationContext.prepareRefresh(513): Refreshing org.springframework.context.support.ClassPathXmlApplicationContext@17556fd: startup date [Thu Oct 12 17:21:49 SGT 2017]; root of context hierarchy
[iothub] 2017-10-12 17:21:50.2150 - [INFO] org.springframework.beans.factory.xml.XmlBeanDefinitionReader.loadBeanDefinitions(316): Loading XML bean definitions from class path resource [mbean/remote/client.xml]
[iothub] 2017-10-12 17:23:20.2320 - [INFO] org.springframework.context.support.ClassPathXmlApplicationContext.prepareRefresh(513): Refreshing org.springframework.context.support.ClassPathXmlApplicationContext@17556fd: startup date [Thu Oct 12 17:23:20 SGT 2017]; root of context hierarchy
[iothub] 2017-10-12 17:23:21.2321 - [INFO] org.springframework.beans.factory.xml.XmlBeanDefinitionReader.loadBeanDefinitions(316): Loading XML bean definitions from class path resource [mbean/remote/client.xml]
[iothub] 2017-10-12 19:27:57.2757 - [INFO] org.springframework.context.support.ClassPathXmlApplicationContext.prepareRefresh(513): Refreshing org.springframework.context.support.ClassPathXmlApplicationContext@17556fd: startup date [Thu Oct 12 19:27:57 SGT 2017]; root of context hierarchy
[iothub] 2017-10-12 19:27:58.2758 - [INFO] org.springframework.beans.factory.xml.XmlBeanDefinitionReader.loadBeanDefinitions(316): Loading XML bean definitions from class path resource [mbean/remote/server.xml]
[iothub] 2017-10-12 19:27:59.2759 - [INFO] org.springframework.jmx.export.annotation.AnnotationMBeanExporter.afterPropertiesSet(415): Registering beans for JMX exposure on startup
[iothub] 2017-10-12 19:27:59.2759 - [INFO] org.springframework.remoting.rmi.RmiRegistryFactoryBean.getRegistry(254): Looking for RMI registry at port '1099'
[iothub] 2017-10-12 19:28:00.280 - [INFO] org.springframework.remoting.rmi.RmiRegistryFactoryBean.getRegistry(265): Could not detect RMI registry - creating new one
[iothub] 2017-10-12 19:28:01.281 - [INFO] org.springframework.jmx.support.ConnectorServerFactoryBean.afterPropertiesSet(192): JMX connector server started: javax.management.remote.rmi.RMIConnectorServer@7fd8ce
[iothub] 2017-10-12 19:28:01.281 - [INFO] org.springframework.jmx.export.annotation.AnnotationMBeanExporter.autodetect(895): Bean with name 'org.springframework.jmx.support.ConnectorServerFactoryBean#0' has been autodetected for JMX exposure
[iothub] 2017-10-12 19:28:01.281 - [INFO] org.springframework.jmx.export.annotation.AnnotationMBeanExporter.autodetect(895): Bean with name 'remoteBean' has been autodetected for JMX exposure
[iothub] 2017-10-12 19:28:01.281 - [INFO] org.springframework.jmx.export.annotation.AnnotationMBeanExporter.registerBeanInstance(658): Located managed bean 'remoteBean': registering with JMX server as MBean [remote:name=RemoteBean]
[iothub] 2017-10-12 19:28:01.281 - [INFO] org.springframework.jmx.export.annotation.AnnotationMBeanExporter.registerBeanInstance(651): Located MBean 'org.springframework.jmx.support.ConnectorServerFactoryBean#0': registering with JMX server as MBean [javax.management.remote.rmi:name=org.springframework.jmx.support.ConnectorServerFactoryBean#0,type=RMIConnectorServer]
[iothub] 2017-10-12 19:28:01.281 - [INFO] org.springframework.jmx.export.annotation.AnnotationMBeanExporter.destroy(433): Unregistering JMX-exposed beans on shutdown
[iothub] 2017-10-12 19:28:01.281 - [INFO] org.springframework.jmx.support.ConnectorServerFactoryBean.destroy(228): Stopping JMX connector server: javax.management.remote.rmi.RMIConnectorServer@7fd8ce
[iothub] 2017-10-12 19:28:01.281 - [INFO] org.springframework.remoting.rmi.RmiRegistryFactoryBean.destroy(309): Unexporting RMI registry
[iothub] 2017-10-12 19:29:22.2922 - [INFO] org.springframework.context.support.ClassPathXmlApplicationContext.prepareRefresh(513): Refreshing org.springframework.context.support.ClassPathXmlApplicationContext@17556fd: startup date [Thu Oct 12 19:29:22 SGT 2017]; root of context hierarchy
[iothub] 2017-10-12 19:29:23.2923 - [INFO] org.springframework.beans.factory.xml.XmlBeanDefinitionReader.loadBeanDefinitions(316): Loading XML bean definitions from class path resource [mbean/remote/server.xml]
[iothub] 2017-10-12 19:29:24.2924 - [INFO] org.springframework.jmx.export.annotation.AnnotationMBeanExporter.afterPropertiesSet(415): Registering beans for JMX exposure on startup
[iothub] 2017-10-12 19:29:24.2924 - [INFO] org.springframework.remoting.rmi.RmiRegistryFactoryBean.getRegistry(254): Looking for RMI registry at port '1099'
[iothub] 2017-10-12 19:29:26.2926 - [INFO] org.springframework.remoting.rmi.RmiRegistryFactoryBean.getRegistry(265): Could not detect RMI registry - creating new one
[iothub] 2017-10-12 19:29:26.2926 - [INFO] org.springframework.jmx.support.ConnectorServerFactoryBean.afterPropertiesSet(192): JMX connector server started: javax.management.remote.rmi.RMIConnectorServer@7fd8ce
[iothub] 2017-10-12 19:29:26.2926 - [INFO] org.springframework.jmx.export.annotation.AnnotationMBeanExporter.autodetect(895): Bean with name 'org.springframework.jmx.support.ConnectorServerFactoryBean#0' has been autodetected for JMX exposure
[iothub] 2017-10-12 19:29:26.2926 - [INFO] org.springframework.jmx.export.annotation.AnnotationMBeanExporter.autodetect(895): Bean with name 'remoteBean' has been autodetected for JMX exposure
[iothub] 2017-10-12 19:29:26.2926 - [INFO] org.springframework.jmx.export.annotation.AnnotationMBeanExporter.registerBeanInstance(658): Located managed bean 'remoteBean': registering with JMX server as MBean [remote:name=RemoteBean]
[iothub] 2017-10-12 19:29:26.2926 - [INFO] org.springframework.jmx.export.annotation.AnnotationMBeanExporter.registerBeanInstance(651): Located MBean 'org.springframework.jmx.support.ConnectorServerFactoryBean#0': registering with JMX server as MBean [javax.management.remote.rmi:name=org.springframework.jmx.support.ConnectorServerFactoryBean#0,type=RMIConnectorServer]
[iothub] 2017-10-12 19:29:26.2926 - [INFO] org.springframework.context.support.ClassPathXmlApplicationContext.prepareRefresh(513): Refreshing org.springframework.context.support.ClassPathXmlApplicationContext@1df84b8: startup date [Thu Oct 12 19:29:26 SGT 2017]; root of context hierarchy
[iothub] 2017-10-12 19:29:26.2926 - [INFO] org.springframework.beans.factory.xml.XmlBeanDefinitionReader.loadBeanDefinitions(316): Loading XML bean definitions from class path resource [mbean/remote/client.xml]
[iothub] 2017-10-12 21:05:40.540 - [INFO] org.springframework.context.support.ClassPathXmlApplicationContext.prepareRefresh(513): Refreshing org.springframework.context.support.ClassPathXmlApplicationContext@17556fd: startup date [Thu Oct 12 21:05:40 SGT 2017]; root of context hierarchy
[iothub] 2017-10-12 21:05:40.540 - [INFO] org.springframework.beans.factory.xml.XmlBeanDefinitionReader.loadBeanDefinitions(316): Loading XML bean definitions from class path resource [mailsender/mail.xml]
[iothub] 2017-10-12 21:06:12.612 - [INFO] org.springframework.context.support.ClassPathXmlApplicationContext.prepareRefresh(513): Refreshing org.springframework.context.support.ClassPathXmlApplicationContext@17556fd: startup date [Thu Oct 12 21:06:12 SGT 2017]; root of context hierarchy
[iothub] 2017-10-12 21:06:12.612 - [INFO] org.springframework.beans.factory.xml.XmlBeanDefinitionReader.loadBeanDefinitions(316): Loading XML bean definitions from class path resource [mailsender/mail.xml]
[iothub] 2017-10-12 21:06:44.644 - [INFO] org.springframework.context.support.ClassPathXmlApplicationContext.prepareRefresh(513): Refreshing org.springframework.context.support.ClassPathXmlApplicationContext@17556fd: startup date [Thu Oct 12 21:06:44 SGT 2017]; root of context hierarchy
[iothub] 2017-10-12 21:06:45.645 - [INFO] org.springframework.beans.factory.xml.XmlBeanDefinitionReader.loadBeanDefinitions(316): Loading XML bean definitions from class path resource [mailsender/mail.xml]
[iothub] 2017-10-12 22:01:55.155 - [INFO] org.springframework.context.support.ClassPathXmlApplicationContext.prepareRefresh(513): Refreshing org.springframework.context.support.ClassPathXmlApplicationContext@17556fd: startup date [Thu Oct 12 22:01:55 SGT 2017]; root of context hierarchy
[iothub] 2017-10-12 22:01:55.155 - [INFO] org.springframework.beans.factory.xml.XmlBeanDefinitionReader.loadBeanDefinitions(316): Loading XML bean definitions from class path resource [mailsender/mail.xml]
