[iothub] 2017-10-11 17:01:04.14 - [INFO] org.springframework.context.support.ClassPathXmlApplicationContext.prepareRefresh(513): Refreshing org.springframework.context.support.ClassPathXmlApplicationContext@17556fd: startup date [Wed Oct 11 17:01:04 SGT 2017]; root of context hierarchy
[iothub] 2017-10-11 17:01:04.14 - [INFO] org.springframework.beans.factory.xml.XmlBeanDefinitionReader.loadBeanDefinitions(316): Loading XML bean definitions from class path resource [mbean/remote/server.xml]
[iothub] 2017-10-11 17:01:05.15 - [INFO] org.springframework.jmx.export.annotation.AnnotationMBeanExporter.afterPropertiesSet(415): Registering beans for JMX exposure on startup
[iothub] 2017-10-11 17:01:05.15 - [INFO] org.springframework.jmx.export.annotation.AnnotationMBeanExporter.autodetect(895): Bean with name 'remoteBean' has been autodetected for JMX exposure
[iothub] 2017-10-11 17:01:05.15 - [INFO] org.springframework.jmx.export.annotation.AnnotationMBeanExporter.registerBeanInstance(658): Located managed bean 'remoteBean': registering with JMX server as MBean [remote:name=RemoteBean]
[iothub] 2017-10-11 17:01:05.15 - [INFO] org.springframework.jmx.export.annotation.AnnotationMBeanExporter.destroy(433): Unregistering JMX-exposed beans on shutdown
[iothub] 2017-10-11 17:07:04.74 - [INFO] org.springframework.context.support.ClassPathXmlApplicationContext.prepareRefresh(513): Refreshing org.springframework.context.support.ClassPathXmlApplicationContext@17556fd: startup date [Wed Oct 11 17:07:04 SGT 2017]; root of context hierarchy
[iothub] 2017-10-11 17:07:04.74 - [INFO] org.springframework.beans.factory.xml.XmlBeanDefinitionReader.loadBeanDefinitions(316): Loading XML bean definitions from class path resource [mbean/remote/server.xml]
[iothub] 2017-10-11 17:07:05.75 - [INFO] org.springframework.jmx.export.annotation.AnnotationMBeanExporter.afterPropertiesSet(415): Registering beans for JMX exposure on startup
[iothub] 2017-10-11 17:12:54.1254 - [INFO] org.springframework.context.support.ClassPathXmlApplicationContext.prepareRefresh(513): Refreshing org.springframework.context.support.ClassPathXmlApplicationContext@17556fd: startup date [Wed Oct 11 17:12:54 SGT 2017]; root of context hierarchy
[iothub] 2017-10-11 17:12:54.1254 - [INFO] org.springframework.beans.factory.xml.XmlBeanDefinitionReader.loadBeanDefinitions(316): Loading XML bean definitions from class path resource [mbean/remote/server.xml]
[iothub] 2017-10-11 17:12:54.1254 - [INFO] org.springframework.jmx.export.annotation.AnnotationMBeanExporter.afterPropertiesSet(415): Registering beans for JMX exposure on startup
[iothub] 2017-10-11 17:18:40.1840 - [INFO] org.springframework.context.support.ClassPathXmlApplicationContext.prepareRefresh(513): Refreshing org.springframework.context.support.ClassPathXmlApplicationContext@17556fd: startup date [Wed Oct 11 17:18:40 SGT 2017]; root of context hierarchy
[iothub] 2017-10-11 17:18:40.1840 - [INFO] org.springframework.beans.factory.xml.XmlBeanDefinitionReader.loadBeanDefinitions(316): Loading XML bean definitions from class path resource [mbean/remote/server.xml]
[iothub] 2017-10-11 17:18:41.1841 - [INFO] org.springframework.jmx.export.annotation.AnnotationMBeanExporter.afterPropertiesSet(415): Registering beans for JMX exposure on startup
[iothub] 2017-10-11 19:03:05.35 - [INFO] org.springframework.context.support.ClassPathXmlApplicationContext.prepareRefresh(513): Refreshing org.springframework.context.support.ClassPathXmlApplicationContext@17556fd: startup date [Wed Oct 11 19:03:05 SGT 2017]; root of context hierarchy
[iothub] 2017-10-11 19:03:05.35 - [INFO] org.springframework.beans.factory.xml.XmlBeanDefinitionReader.loadBeanDefinitions(316): Loading XML bean definitions from class path resource [mbean/remote/server.xml]
[iothub] 2017-10-11 19:03:06.36 - [INFO] org.springframework.jmx.export.annotation.AnnotationMBeanExporter.afterPropertiesSet(415): Registering beans for JMX exposure on startup
[iothub] 2017-10-11 19:15:27.1527 - [INFO] org.springframework.context.support.ClassPathXmlApplicationContext.prepareRefresh(513): Refreshing org.springframework.context.support.ClassPathXmlApplicationContext@17556fd: startup date [Wed Oct 11 19:15:27 SGT 2017]; root of context hierarchy
[iothub] 2017-10-11 19:15:28.1528 - [INFO] org.springframework.beans.factory.xml.XmlBeanDefinitionReader.loadBeanDefinitions(316): Loading XML bean definitions from class path resource [mbean/remote/server.xml]
[iothub] 2017-10-11 19:15:28.1528 - [INFO] org.springframework.jmx.export.annotation.AnnotationMBeanExporter.afterPropertiesSet(415): Registering beans for JMX exposure on startup
[iothub] 2017-10-11 19:15:29.1529 - [INFO] org.springframework.jmx.support.ConnectorServerFactoryBean.afterPropertiesSet(192): JMX connector server started: javax.management.remote.rmi.RMIConnectorServer@dcc9fe
[iothub] 2017-10-11 19:15:29.1529 - [INFO] org.springframework.jmx.export.annotation.AnnotationMBeanExporter.autodetect(895): Bean with name 'org.springframework.jmx.support.ConnectorServerFactoryBean#0' has been autodetected for JMX exposure
[iothub] 2017-10-11 19:15:29.1529 - [INFO] org.springframework.jmx.export.annotation.AnnotationMBeanExporter.autodetect(895): Bean with name 'remoteBean' has been autodetected for JMX exposure
[iothub] 2017-10-11 19:15:29.1529 - [INFO] org.springframework.jmx.export.annotation.AnnotationMBeanExporter.registerBeanInstance(658): Located managed bean 'remoteBean': registering with JMX server as MBean [remote:name=RemoteBean]
[iothub] 2017-10-11 19:15:29.1529 - [INFO] org.springframework.jmx.export.annotation.AnnotationMBeanExporter.registerBeanInstance(651): Located MBean 'org.springframework.jmx.support.ConnectorServerFactoryBean#0': registering with JMX server as MBean [javax.management.remote.rmi:name=org.springframework.jmx.support.ConnectorServerFactoryBean#0,type=RMIConnectorServer]
[iothub] 2017-10-11 19:15:29.1529 - [INFO] org.springframework.remoting.rmi.RmiRegistryFactoryBean.getRegistry(254): Looking for RMI registry at port '1099'
[iothub] 2017-10-11 19:15:29.1529 - [INFO] org.springframework.context.support.ClassPathXmlApplicationContext.prepareRefresh(513): Refreshing org.springframework.context.support.ClassPathXmlApplicationContext@386f16: startup date [Wed Oct 11 19:15:29 SGT 2017]; root of context hierarchy
[iothub] 2017-10-11 19:15:29.1529 - [INFO] org.springframework.beans.factory.xml.XmlBeanDefinitionReader.loadBeanDefinitions(316): Loading XML bean definitions from class path resource [mbean/remote/client.xml]
[iothub] 2017-10-11 19:16:12.1612 - [INFO] org.springframework.context.support.ClassPathXmlApplicationContext.prepareRefresh(513): Refreshing org.springframework.context.support.ClassPathXmlApplicationContext@17556fd: startup date [Wed Oct 11 19:16:12 SGT 2017]; root of context hierarchy
[iothub] 2017-10-11 19:16:12.1612 - [INFO] org.springframework.beans.factory.xml.XmlBeanDefinitionReader.loadBeanDefinitions(316): Loading XML bean definitions from class path resource [mbean/remote/server.xml]
[iothub] 2017-10-11 19:16:13.1613 - [INFO] org.springframework.jmx.export.annotation.AnnotationMBeanExporter.afterPropertiesSet(415): Registering beans for JMX exposure on startup
[iothub] 2017-10-11 19:24:08.248 - [INFO] org.springframework.context.support.ClassPathXmlApplicationContext.prepareRefresh(513): Refreshing org.springframework.context.support.ClassPathXmlApplicationContext@17556fd: startup date [Wed Oct 11 19:24:07 SGT 2017]; root of context hierarchy
[iothub] 2017-10-11 19:24:08.248 - [INFO] org.springframework.beans.factory.xml.XmlBeanDefinitionReader.loadBeanDefinitions(316): Loading XML bean definitions from class path resource [mbean/remote/server.xml]
[iothub] 2017-10-11 19:24:08.248 - [INFO] org.springframework.jmx.export.annotation.AnnotationMBeanExporter.afterPropertiesSet(415): Registering beans for JMX exposure on startup
[iothub] 2017-10-11 19:37:00.370 - [INFO] org.springframework.context.support.ClassPathXmlApplicationContext.prepareRefresh(513): Refreshing org.springframework.context.support.ClassPathXmlApplicationContext@17556fd: startup date [Wed Oct 11 19:37:00 SGT 2017]; root of context hierarchy
[iothub] 2017-10-11 19:37:00.370 - [INFO] org.springframework.beans.factory.xml.XmlBeanDefinitionReader.loadBeanDefinitions(316): Loading XML bean definitions from class path resource [mbean/remote/server.xml]
[iothub] 2017-10-11 19:37:01.371 - [INFO] org.springframework.jmx.export.annotation.AnnotationMBeanExporter.afterPropertiesSet(415): Registering beans for JMX exposure on startup
[iothub] 2017-10-11 19:40:01.401 - [INFO] org.springframework.context.support.ClassPathXmlApplicationContext.prepareRefresh(513): Refreshing org.springframework.context.support.ClassPathXmlApplicationContext@17556fd: startup date [Wed Oct 11 19:40:01 SGT 2017]; root of context hierarchy
[iothub] 2017-10-11 19:40:01.401 - [INFO] org.springframework.beans.factory.xml.XmlBeanDefinitionReader.loadBeanDefinitions(316): Loading XML bean definitions from class path resource [mbean/remote/server.xml]
[iothub] 2017-10-11 19:40:02.402 - [INFO] org.springframework.jmx.export.annotation.AnnotationMBeanExporter.afterPropertiesSet(415): Registering beans for JMX exposure on startup
[iothub] 2017-10-11 19:40:55.4055 - [INFO] org.springframework.context.support.ClassPathXmlApplicationContext.prepareRefresh(513): Refreshing org.springframework.context.support.ClassPathXmlApplicationContext@17556fd: startup date [Wed Oct 11 19:40:55 SGT 2017]; root of context hierarchy
[iothub] 2017-10-11 19:40:55.4055 - [INFO] org.springframework.beans.factory.xml.XmlBeanDefinitionReader.loadBeanDefinitions(316): Loading XML bean definitions from class path resource [mbean/remote/server.xml]
[iothub] 2017-10-11 19:40:56.4056 - [INFO] org.springframework.jmx.export.annotation.AnnotationMBeanExporter.afterPropertiesSet(415): Registering beans for JMX exposure on startup
[iothub] 2017-10-11 19:53:48.5348 - [INFO] org.springframework.context.support.ClassPathXmlApplicationContext.prepareRefresh(513): Refreshing org.springframework.context.support.ClassPathXmlApplicationContext@17556fd: startup date [Wed Oct 11 19:53:48 SGT 2017]; root of context hierarchy
[iothub] 2017-10-11 19:53:49.5349 - [INFO] org.springframework.beans.factory.xml.XmlBeanDefinitionReader.loadBeanDefinitions(316): Loading XML bean definitions from class path resource [mbean/remote/server.xml]
[iothub] 2017-10-11 19:53:50.5350 - [INFO] org.springframework.jmx.export.annotation.AnnotationMBeanExporter.afterPropertiesSet(415): Registering beans for JMX exposure on startup
[iothub] 2017-10-11 19:58:34.5834 - [INFO] org.springframework.context.support.ClassPathXmlApplicationContext.prepareRefresh(513): Refreshing org.springframework.context.support.ClassPathXmlApplicationContext@17556fd: startup date [Wed Oct 11 19:58:34 SGT 2017]; root of context hierarchy
[iothub] 2017-10-11 19:58:34.5834 - [INFO] org.springframework.beans.factory.xml.XmlBeanDefinitionReader.loadBeanDefinitions(316): Loading XML bean definitions from class path resource [mbean/remote/server.xml]
[iothub] 2017-10-11 19:58:35.5835 - [INFO] org.springframework.jmx.export.annotation.AnnotationMBeanExporter.afterPropertiesSet(415): Registering beans for JMX exposure on startup
[iothub] 2017-10-11 20:09:21.921 - [INFO] org.springframework.context.support.ClassPathXmlApplicationContext.prepareRefresh(513): Refreshing org.springframework.context.support.ClassPathXmlApplicationContext@17556fd: startup date [Wed Oct 11 20:09:21 SGT 2017]; root of context hierarchy
[iothub] 2017-10-11 20:09:21.921 - [INFO] org.springframework.beans.factory.xml.XmlBeanDefinitionReader.loadBeanDefinitions(316): Loading XML bean definitions from class path resource [mbean/remote/server.xml]
[iothub] 2017-10-11 20:09:22.922 - [INFO] org.springframework.jmx.export.annotation.AnnotationMBeanExporter.afterPropertiesSet(415): Registering beans for JMX exposure on startup
[iothub] 2017-10-11 20:11:28.1128 - [INFO] org.springframework.context.support.ClassPathXmlApplicationContext.prepareRefresh(513): Refreshing org.springframework.context.support.ClassPathXmlApplicationContext@17556fd: startup date [Wed Oct 11 20:11:28 SGT 2017]; root of context hierarchy
[iothub] 2017-10-11 20:11:28.1128 - [INFO] org.springframework.beans.factory.xml.XmlBeanDefinitionReader.loadBeanDefinitions(316): Loading XML bean definitions from class path resource [mbean/remote/server.xml]
[iothub] 2017-10-11 20:11:28.1128 - [INFO] org.springframework.jmx.export.annotation.AnnotationMBeanExporter.afterPropertiesSet(415): Registering beans for JMX exposure on startup
[iothub] 2017-10-11 20:11:28.1128 - [INFO] org.springframework.jmx.export.annotation.AnnotationMBeanExporter.autodetect(895): Bean with name 'remoteBean' has been autodetected for JMX exposure
[iothub] 2017-10-11 20:11:29.1129 - [INFO] org.springframework.jmx.export.annotation.AnnotationMBeanExporter.registerBeanInstance(658): Located managed bean 'remoteBean': registering with JMX server as MBean [remote:name=RemoteBean]
[iothub] 2017-10-11 20:25:09.259 - [INFO] org.springframework.context.support.ClassPathXmlApplicationContext.prepareRefresh(513): Refreshing org.springframework.context.support.ClassPathXmlApplicationContext@17556fd: startup date [Wed Oct 11 20:25:09 SGT 2017]; root of context hierarchy
[iothub] 2017-10-11 20:25:09.259 - [INFO] org.springframework.beans.factory.xml.XmlBeanDefinitionReader.loadBeanDefinitions(316): Loading XML bean definitions from class path resource [mbean/remote/server.xml]
[iothub] 2017-10-11 20:25:10.2510 - [INFO] org.springframework.jmx.export.annotation.AnnotationMBeanExporter.afterPropertiesSet(415): Registering beans for JMX exposure on startup
[iothub] 2017-10-11 20:30:13.3013 - [INFO] org.springframework.context.support.ClassPathXmlApplicationContext.prepareRefresh(513): Refreshing org.springframework.context.support.ClassPathXmlApplicationContext@17556fd: startup date [Wed Oct 11 20:30:13 SGT 2017]; root of context hierarchy
[iothub] 2017-10-11 20:30:14.3014 - [INFO] org.springframework.beans.factory.xml.XmlBeanDefinitionReader.loadBeanDefinitions(316): Loading XML bean definitions from class path resource [mbean/remote/server.xml]
[iothub] 2017-10-11 20:30:14.3014 - [INFO] org.springframework.jmx.export.annotation.AnnotationMBeanExporter.afterPropertiesSet(415): Registering beans for JMX exposure on startup
[iothub] 2017-10-11 20:32:07.327 - [INFO] org.springframework.context.support.ClassPathXmlApplicationContext.prepareRefresh(513): Refreshing org.springframework.context.support.ClassPathXmlApplicationContext@17556fd: startup date [Wed Oct 11 20:32:07 SGT 2017]; root of context hierarchy
[iothub] 2017-10-11 20:32:08.328 - [INFO] org.springframework.beans.factory.xml.XmlBeanDefinitionReader.loadBeanDefinitions(316): Loading XML bean definitions from class path resource [mbean/remote/server.xml]
[iothub] 2017-10-11 20:32:08.328 - [INFO] org.springframework.jmx.export.annotation.AnnotationMBeanExporter.afterPropertiesSet(415): Registering beans for JMX exposure on startup
[iothub] 2017-10-11 20:32:08.328 - [INFO] org.springframework.jmx.export.annotation.AnnotationMBeanExporter.autodetect(895): Bean with name 'remoteBean' has been autodetected for JMX exposure
[iothub] 2017-10-11 20:32:08.328 - [INFO] org.springframework.jmx.export.annotation.AnnotationMBeanExporter.registerBeanInstance(658): Located managed bean 'remoteBean': registering with JMX server as MBean [remote:name=RemoteBean]
[iothub] 2017-10-11 20:32:08.328 - [INFO] org.springframework.remoting.rmi.RmiRegistryFactoryBean.getRegistry(254): Looking for RMI registry at port '1099'
[iothub] 2017-10-11 20:32:10.3210 - [INFO] org.springframework.remoting.rmi.RmiRegistryFactoryBean.getRegistry(265): Could not detect RMI registry - creating new one
[iothub] 2017-10-11 20:39:55.3955 - [INFO] org.springframework.context.support.ClassPathXmlApplicationContext.prepareRefresh(513): Refreshing org.springframework.context.support.ClassPathXmlApplicationContext@17556fd: startup date [Wed Oct 11 20:39:55 SGT 2017]; root of context hierarchy
[iothub] 2017-10-11 20:39:55.3955 - [INFO] org.springframework.beans.factory.xml.XmlBeanDefinitionReader.loadBeanDefinitions(316): Loading XML bean definitions from class path resource [mbean/remote/server.xml]
[iothub] 2017-10-11 20:39:56.3956 - [INFO] org.springframework.jmx.export.annotation.AnnotationMBeanExporter.afterPropertiesSet(415): Registering beans for JMX exposure on startup
[iothub] 2017-10-11 20:39:56.3956 - [INFO] org.springframework.jmx.export.annotation.AnnotationMBeanExporter.autodetect(895): Bean with name 'remoteBean' has been autodetected for JMX exposure
[iothub] 2017-10-11 20:39:56.3956 - [INFO] org.springframework.jmx.export.annotation.AnnotationMBeanExporter.registerBeanInstance(658): Located managed bean 'remoteBean': registering with JMX server as MBean [remote:name=RemoteBean]
[iothub] 2017-10-11 20:39:57.3957 - [INFO] org.springframework.remoting.rmi.RmiRegistryFactoryBean.getRegistry(254): Looking for RMI registry at port '9008'
[iothub] 2017-10-11 20:39:58.3958 - [INFO] org.springframework.remoting.rmi.RmiRegistryFactoryBean.getRegistry(265): Could not detect RMI registry - creating new one
[iothub] 2017-10-11 20:40:22.4022 - [INFO] org.springframework.context.support.ClassPathXmlApplicationContext.prepareRefresh(513): Refreshing org.springframework.context.support.ClassPathXmlApplicationContext@17556fd: startup date [Wed Oct 11 20:40:22 SGT 2017]; root of context hierarchy
[iothub] 2017-10-11 20:40:22.4022 - [INFO] org.springframework.beans.factory.xml.XmlBeanDefinitionReader.loadBeanDefinitions(316): Loading XML bean definitions from class path resource [mbean/remote/server.xml]
[iothub] 2017-10-11 20:40:23.4023 - [INFO] org.springframework.jmx.export.annotation.AnnotationMBeanExporter.afterPropertiesSet(415): Registering beans for JMX exposure on startup
[iothub] 2017-10-11 20:40:23.4023 - [INFO] org.springframework.jmx.export.annotation.AnnotationMBeanExporter.autodetect(895): Bean with name 'remoteBean' has been autodetected for JMX exposure
[iothub] 2017-10-11 20:40:23.4023 - [INFO] org.springframework.jmx.export.annotation.AnnotationMBeanExporter.registerBeanInstance(658): Located managed bean 'remoteBean': registering with JMX server as MBean [remote:name=RemoteBean]
[iothub] 2017-10-11 20:40:23.4023 - [INFO] org.springframework.remoting.rmi.RmiRegistryFactoryBean.getRegistry(254): Looking for RMI registry at port '9875'
[iothub] 2017-10-11 20:40:25.4025 - [INFO] org.springframework.remoting.rmi.RmiRegistryFactoryBean.getRegistry(265): Could not detect RMI registry - creating new one
[iothub] 2017-10-11 21:35:31.3531 - [INFO] org.springframework.context.support.ClassPathXmlApplicationContext.prepareRefresh(513): Refreshing org.springframework.context.support.ClassPathXmlApplicationContext@17556fd: startup date [Wed Oct 11 21:35:31 SGT 2017]; root of context hierarchy
[iothub] 2017-10-11 21:35:31.3531 - [INFO] org.springframework.beans.factory.xml.XmlBeanDefinitionReader.loadBeanDefinitions(316): Loading XML bean definitions from class path resource [mbean/remote/server.xml]
[iothub] 2017-10-11 21:36:58.3658 - [INFO] org.springframework.context.support.ClassPathXmlApplicationContext.prepareRefresh(513): Refreshing org.springframework.context.support.ClassPathXmlApplicationContext@17556fd: startup date [Wed Oct 11 21:36:58 SGT 2017]; root of context hierarchy
[iothub] 2017-10-11 21:36:59.3659 - [INFO] org.springframework.beans.factory.xml.XmlBeanDefinitionReader.loadBeanDefinitions(316): Loading XML bean definitions from class path resource [mbean/remote/server.xml]
[iothub] 2017-10-11 21:37:42.3742 - [INFO] org.springframework.context.support.ClassPathXmlApplicationContext.prepareRefresh(513): Refreshing org.springframework.context.support.ClassPathXmlApplicationContext@17556fd: startup date [Wed Oct 11 21:37:42 SGT 2017]; root of context hierarchy
[iothub] 2017-10-11 21:37:43.3743 - [INFO] org.springframework.beans.factory.xml.XmlBeanDefinitionReader.loadBeanDefinitions(316): Loading XML bean definitions from class path resource [mbean/remote/server.xml]
[iothub] 2017-10-11 21:38:20.3820 - [INFO] org.springframework.context.support.ClassPathXmlApplicationContext.prepareRefresh(513): Refreshing org.springframework.context.support.ClassPathXmlApplicationContext@17556fd: startup date [Wed Oct 11 21:38:20 SGT 2017]; root of context hierarchy
[iothub] 2017-10-11 21:38:20.3820 - [INFO] org.springframework.beans.factory.xml.XmlBeanDefinitionReader.loadBeanDefinitions(316): Loading XML bean definitions from class path resource [mbean/remote/server.xml]
[iothub] 2017-10-11 21:38:21.3821 - [INFO] org.springframework.jmx.export.annotation.AnnotationMBeanExporter.afterPropertiesSet(415): Registering beans for JMX exposure on startup
[iothub] 2017-10-11 21:38:23.3823 - [INFO] org.springframework.jmx.support.ConnectorServerFactoryBean.afterPropertiesSet(192): JMX connector server started: javax.management.remote.rmi.RMIConnectorServer@dcc9fe
[iothub] 2017-10-11 21:38:23.3823 - [INFO] org.springframework.jmx.export.annotation.AnnotationMBeanExporter.autodetect(895): Bean with name 'org.springframework.jmx.support.ConnectorServerFactoryBean#0' has been autodetected for JMX exposure
[iothub] 2017-10-11 21:38:23.3823 - [INFO] org.springframework.jmx.export.annotation.AnnotationMBeanExporter.autodetect(895): Bean with name 'remoteBean' has been autodetected for JMX exposure
[iothub] 2017-10-11 21:38:23.3823 - [INFO] org.springframework.jmx.export.annotation.AnnotationMBeanExporter.registerBeanInstance(658): Located managed bean 'remoteBean': registering with JMX server as MBean [remote:name=RemoteBean]
[iothub] 2017-10-11 21:38:23.3823 - [INFO] org.springframework.jmx.export.annotation.AnnotationMBeanExporter.registerBeanInstance(651): Located MBean 'org.springframework.jmx.support.ConnectorServerFactoryBean#0': registering with JMX server as MBean [javax.management.remote.rmi:name=org.springframework.jmx.support.ConnectorServerFactoryBean#0,type=RMIConnectorServer]
[iothub] 2017-10-11 21:38:23.3823 - [INFO] org.springframework.remoting.rmi.RmiRegistryFactoryBean.getRegistry(254): Looking for RMI registry at port '1099'
[iothub] 2017-10-11 21:38:23.3823 - [INFO] org.springframework.context.support.ClassPathXmlApplicationContext.prepareRefresh(513): Refreshing org.springframework.context.support.ClassPathXmlApplicationContext@386f16: startup date [Wed Oct 11 21:38:23 SGT 2017]; root of context hierarchy
[iothub] 2017-10-11 21:38:23.3823 - [INFO] org.springframework.beans.factory.xml.XmlBeanDefinitionReader.loadBeanDefinitions(316): Loading XML bean definitions from class path resource [mbean/remote/client.xml]
[iothub] 2017-10-11 21:38:44.3844 - [INFO] org.springframework.context.support.ClassPathXmlApplicationContext.prepareRefresh(513): Refreshing org.springframework.context.support.ClassPathXmlApplicationContext@17556fd: startup date [Wed Oct 11 21:38:44 SGT 2017]; root of context hierarchy
[iothub] 2017-10-11 21:38:44.3844 - [INFO] org.springframework.beans.factory.xml.XmlBeanDefinitionReader.loadBeanDefinitions(316): Loading XML bean definitions from class path resource [mbean/remote/server.xml]
[iothub] 2017-10-11 21:38:45.3845 - [INFO] org.springframework.jmx.export.annotation.AnnotationMBeanExporter.afterPropertiesSet(415): Registering beans for JMX exposure on startup
[iothub] 2017-10-11 21:40:07.407 - [INFO] org.springframework.context.support.ClassPathXmlApplicationContext.prepareRefresh(513): Refreshing org.springframework.context.support.ClassPathXmlApplicationContext@17556fd: startup date [Wed Oct 11 21:40:07 SGT 2017]; root of context hierarchy
[iothub] 2017-10-11 21:40:07.407 - [INFO] org.springframework.beans.factory.xml.XmlBeanDefinitionReader.loadBeanDefinitions(316): Loading XML bean definitions from class path resource [mbean/remote/server.xml]
[iothub] 2017-10-11 21:40:08.408 - [INFO] org.springframework.jmx.export.annotation.AnnotationMBeanExporter.afterPropertiesSet(415): Registering beans for JMX exposure on startup
[iothub] 2017-10-11 21:41:01.411 - [INFO] org.springframework.context.support.ClassPathXmlApplicationContext.prepareRefresh(513): Refreshing org.springframework.context.support.ClassPathXmlApplicationContext@17556fd: startup date [Wed Oct 11 21:41:01 SGT 2017]; root of context hierarchy
[iothub] 2017-10-11 21:41:01.411 - [INFO] org.springframework.beans.factory.xml.XmlBeanDefinitionReader.loadBeanDefinitions(316): Loading XML bean definitions from class path resource [mbean/remote/server.xml]
[iothub] 2017-10-11 21:41:16.4116 - [INFO] org.springframework.context.support.ClassPathXmlApplicationContext.prepareRefresh(513): Refreshing org.springframework.context.support.ClassPathXmlApplicationContext@17556fd: startup date [Wed Oct 11 21:41:16 SGT 2017]; root of context hierarchy
[iothub] 2017-10-11 21:41:16.4116 - [INFO] org.springframework.beans.factory.xml.XmlBeanDefinitionReader.loadBeanDefinitions(316): Loading XML bean definitions from class path resource [mbean/remote/server.xml]
[iothub] 2017-10-11 21:42:32.4232 - [INFO] org.springframework.context.support.ClassPathXmlApplicationContext.prepareRefresh(513): Refreshing org.springframework.context.support.ClassPathXmlApplicationContext@17556fd: startup date [Wed Oct 11 21:42:32 SGT 2017]; root of context hierarchy
[iothub] 2017-10-11 21:42:32.4232 - [INFO] org.springframework.beans.factory.xml.XmlBeanDefinitionReader.loadBeanDefinitions(316): Loading XML bean definitions from class path resource [mbean/remote/server.xml]
[iothub] 2017-10-11 21:42:33.4233 - [INFO] org.springframework.jmx.export.annotation.AnnotationMBeanExporter.afterPropertiesSet(415): Registering beans for JMX exposure on startup
[iothub] 2017-10-11 21:42:33.4233 - [INFO] org.springframework.remoting.rmi.RmiRegistryFactoryBean.getRegistry(254): Looking for RMI registry at port '1099'
[iothub] 2017-10-11 21:42:34.4234 - [INFO] org.springframework.remoting.rmi.RmiRegistryFactoryBean.getRegistry(265): Could not detect RMI registry - creating new one
[iothub] 2017-10-11 21:42:35.4235 - [INFO] org.springframework.jmx.support.ConnectorServerFactoryBean.afterPropertiesSet(192): JMX connector server started: javax.management.remote.rmi.RMIConnectorServer@18ba8c8
[iothub] 2017-10-11 21:42:35.4235 - [INFO] org.springframework.jmx.export.annotation.AnnotationMBeanExporter.autodetect(895): Bean with name 'org.springframework.jmx.support.ConnectorServerFactoryBean#0' has been autodetected for JMX exposure
[iothub] 2017-10-11 21:42:35.4235 - [INFO] org.springframework.jmx.export.annotation.AnnotationMBeanExporter.autodetect(895): Bean with name 'remoteBean' has been autodetected for JMX exposure
[iothub] 2017-10-11 21:42:35.4235 - [INFO] org.springframework.jmx.export.annotation.AnnotationMBeanExporter.registerBeanInstance(658): Located managed bean 'remoteBean': registering with JMX server as MBean [remote:name=RemoteBean]
[iothub] 2017-10-11 21:42:35.4235 - [INFO] org.springframework.jmx.export.annotation.AnnotationMBeanExporter.registerBeanInstance(651): Located MBean 'org.springframework.jmx.support.ConnectorServerFactoryBean#0': registering with JMX server as MBean [javax.management.remote.rmi:name=org.springframework.jmx.support.ConnectorServerFactoryBean#0,type=RMIConnectorServer]
[iothub] 2017-10-11 21:42:35.4235 - [INFO] org.springframework.context.support.ClassPathXmlApplicationContext.prepareRefresh(513): Refreshing org.springframework.context.support.ClassPathXmlApplicationContext@3ee3a2: startup date [Wed Oct 11 21:42:35 SGT 2017]; root of context hierarchy
[iothub] 2017-10-11 21:42:35.4235 - [INFO] org.springframework.beans.factory.xml.XmlBeanDefinitionReader.loadBeanDefinitions(316): Loading XML bean definitions from class path resource [mbean/remote/client.xml]
[iothub] 2017-10-11 21:43:27.4327 - [INFO] org.springframework.context.support.ClassPathXmlApplicationContext.prepareRefresh(513): Refreshing org.springframework.context.support.ClassPathXmlApplicationContext@17556fd: startup date [Wed Oct 11 21:43:27 SGT 2017]; root of context hierarchy
[iothub] 2017-10-11 21:43:27.4327 - [INFO] org.springframework.beans.factory.xml.XmlBeanDefinitionReader.loadBeanDefinitions(316): Loading XML bean definitions from class path resource [mbean/remote/server.xml]
[iothub] 2017-10-11 21:43:27.4327 - [INFO] org.springframework.jmx.export.annotation.AnnotationMBeanExporter.afterPropertiesSet(415): Registering beans for JMX exposure on startup
[iothub] 2017-10-11 21:43:27.4327 - [INFO] org.springframework.remoting.rmi.RmiRegistryFactoryBean.getRegistry(254): Looking for RMI registry at port '1099'
[iothub] 2017-10-11 21:44:55.4455 - [INFO] org.springframework.context.support.ClassPathXmlApplicationContext.prepareRefresh(513): Refreshing org.springframework.context.support.ClassPathXmlApplicationContext@17556fd: startup date [Wed Oct 11 21:44:55 SGT 2017]; root of context hierarchy
[iothub] 2017-10-11 21:44:56.4456 - [INFO] org.springframework.beans.factory.xml.XmlBeanDefinitionReader.loadBeanDefinitions(316): Loading XML bean definitions from class path resource [mbean/remote/server.xml]
[iothub] 2017-10-11 21:44:56.4456 - [INFO] org.springframework.jmx.export.annotation.AnnotationMBeanExporter.afterPropertiesSet(415): Registering beans for JMX exposure on startup
[iothub] 2017-10-11 21:44:56.4456 - [INFO] org.springframework.remoting.rmi.RmiRegistryFactoryBean.getRegistry(254): Looking for RMI registry at port '1099'
[iothub] 2017-10-11 21:44:58.4458 - [INFO] org.springframework.remoting.rmi.RmiRegistryFactoryBean.getRegistry(265): Could not detect RMI registry - creating new one
[iothub] 2017-10-11 21:44:58.4458 - [INFO] org.springframework.jmx.support.ConnectorServerFactoryBean.afterPropertiesSet(192): JMX connector server started: javax.management.remote.rmi.RMIConnectorServer@18ba8c8
[iothub] 2017-10-11 21:44:58.4458 - [INFO] org.springframework.jmx.export.annotation.AnnotationMBeanExporter.autodetect(895): Bean with name 'org.springframework.jmx.support.ConnectorServerFactoryBean#0' has been autodetected for JMX exposure
[iothub] 2017-10-11 21:44:58.4458 - [INFO] org.springframework.jmx.export.annotation.AnnotationMBeanExporter.autodetect(895): Bean with name 'remoteBean' has been autodetected for JMX exposure
[iothub] 2017-10-11 21:44:58.4458 - [INFO] org.springframework.jmx.export.annotation.AnnotationMBeanExporter.registerBeanInstance(658): Located managed bean 'remoteBean': registering with JMX server as MBean [remote:name=RemoteBean]
[iothub] 2017-10-11 21:44:58.4458 - [INFO] org.springframework.jmx.export.annotation.AnnotationMBeanExporter.registerBeanInstance(651): Located MBean 'org.springframework.jmx.support.ConnectorServerFactoryBean#0': registering with JMX server as MBean [javax.management.remote.rmi:name=org.springframework.jmx.support.ConnectorServerFactoryBean#0,type=RMIConnectorServer]
[iothub] 2017-10-11 21:44:58.4458 - [INFO] org.springframework.context.support.ClassPathXmlApplicationContext.prepareRefresh(513): Refreshing org.springframework.context.support.ClassPathXmlApplicationContext@3ee3a2: startup date [Wed Oct 11 21:44:58 SGT 2017]; root of context hierarchy
[iothub] 2017-10-11 21:44:58.4458 - [INFO] org.springframework.beans.factory.xml.XmlBeanDefinitionReader.loadBeanDefinitions(316): Loading XML bean definitions from class path resource [mbean/remote/client.xml]
[iothub] 2017-10-11 21:46:12.4612 - [INFO] org.springframework.context.support.ClassPathXmlApplicationContext.prepareRefresh(513): Refreshing org.springframework.context.support.ClassPathXmlApplicationContext@17556fd: startup date [Wed Oct 11 21:46:12 SGT 2017]; root of context hierarchy
[iothub] 2017-10-11 21:46:12.4612 - [INFO] org.springframework.beans.factory.xml.XmlBeanDefinitionReader.loadBeanDefinitions(316): Loading XML bean definitions from class path resource [mbean/remote/server.xml]
[iothub] 2017-10-11 21:46:13.4613 - [INFO] org.springframework.jmx.export.annotation.AnnotationMBeanExporter.afterPropertiesSet(415): Registering beans for JMX exposure on startup
[iothub] 2017-10-11 21:46:13.4613 - [INFO] org.springframework.remoting.rmi.RmiRegistryFactoryBean.getRegistry(254): Looking for RMI registry at port '1099'
[iothub] 2017-10-11 21:46:15.4615 - [INFO] org.springframework.remoting.rmi.RmiRegistryFactoryBean.getRegistry(265): Could not detect RMI registry - creating new one
[iothub] 2017-10-11 21:46:15.4615 - [INFO] org.springframework.jmx.support.ConnectorServerFactoryBean.afterPropertiesSet(192): JMX connector server started: javax.management.remote.rmi.RMIConnectorServer@18ba8c8
[iothub] 2017-10-11 21:46:15.4615 - [INFO] org.springframework.jmx.export.annotation.AnnotationMBeanExporter.autodetect(895): Bean with name 'org.springframework.jmx.support.ConnectorServerFactoryBean#0' has been autodetected for JMX exposure
[iothub] 2017-10-11 21:46:15.4615 - [INFO] org.springframework.jmx.export.annotation.AnnotationMBeanExporter.autodetect(895): Bean with name 'remoteBean' has been autodetected for JMX exposure
[iothub] 2017-10-11 21:46:15.4615 - [INFO] org.springframework.jmx.export.annotation.AnnotationMBeanExporter.registerBeanInstance(658): Located managed bean 'remoteBean': registering with JMX server as MBean [remote:name=RemoteBean]
[iothub] 2017-10-11 21:46:15.4615 - [INFO] org.springframework.jmx.export.annotation.AnnotationMBeanExporter.registerBeanInstance(651): Located MBean 'org.springframework.jmx.support.ConnectorServerFactoryBean#0': registering with JMX server as MBean [javax.management.remote.rmi:name=org.springframework.jmx.support.ConnectorServerFactoryBean#0,type=RMIConnectorServer]
[iothub] 2017-10-11 21:46:15.4615 - [INFO] org.springframework.context.support.ClassPathXmlApplicationContext.prepareRefresh(513): Refreshing org.springframework.context.support.ClassPathXmlApplicationContext@3ee3a2: startup date [Wed Oct 11 21:46:15 SGT 2017]; root of context hierarchy
[iothub] 2017-10-11 21:46:15.4615 - [INFO] org.springframework.beans.factory.xml.XmlBeanDefinitionReader.loadBeanDefinitions(316): Loading XML bean definitions from class path resource [mbean/remote/client.xml]
[iothub] 2017-10-11 21:48:31.4831 - [INFO] org.springframework.context.support.ClassPathXmlApplicationContext.prepareRefresh(513): Refreshing org.springframework.context.support.ClassPathXmlApplicationContext@17556fd: startup date [Wed Oct 11 21:48:31 SGT 2017]; root of context hierarchy
[iothub] 2017-10-11 21:48:31.4831 - [INFO] org.springframework.beans.factory.xml.XmlBeanDefinitionReader.loadBeanDefinitions(316): Loading XML bean definitions from class path resource [mbean/remote/server.xml]
[iothub] 2017-10-11 21:48:32.4832 - [INFO] org.springframework.jmx.export.annotation.AnnotationMBeanExporter.afterPropertiesSet(415): Registering beans for JMX exposure on startup
[iothub] 2017-10-11 21:48:32.4832 - [INFO] org.springframework.remoting.rmi.RmiRegistryFactoryBean.getRegistry(254): Looking for RMI registry at port '1099'
[iothub] 2017-10-11 21:48:34.4834 - [INFO] org.springframework.remoting.rmi.RmiRegistryFactoryBean.getRegistry(265): Could not detect RMI registry - creating new one
[iothub] 2017-10-11 21:48:34.4834 - [INFO] org.springframework.jmx.support.ConnectorServerFactoryBean.afterPropertiesSet(192): JMX connector server started: javax.management.remote.rmi.RMIConnectorServer@18ba8c8
[iothub] 2017-10-11 21:48:34.4834 - [INFO] org.springframework.jmx.export.annotation.AnnotationMBeanExporter.autodetect(895): Bean with name 'org.springframework.jmx.support.ConnectorServerFactoryBean#0' has been autodetected for JMX exposure
[iothub] 2017-10-11 21:48:34.4834 - [INFO] org.springframework.jmx.export.annotation.AnnotationMBeanExporter.autodetect(895): Bean with name 'remoteBean' has been autodetected for JMX exposure
[iothub] 2017-10-11 21:48:34.4834 - [INFO] org.springframework.jmx.export.annotation.AnnotationMBeanExporter.registerBeanInstance(658): Located managed bean 'remoteBean': registering with JMX server as MBean [remote:name=RemoteBean]
[iothub] 2017-10-11 21:48:34.4834 - [INFO] org.springframework.jmx.export.annotation.AnnotationMBeanExporter.registerBeanInstance(651): Located MBean 'org.springframework.jmx.support.ConnectorServerFactoryBean#0': registering with JMX server as MBean [javax.management.remote.rmi:name=org.springframework.jmx.support.ConnectorServerFactoryBean#0,type=RMIConnectorServer]
[iothub] 2017-10-11 21:48:34.4834 - [INFO] org.springframework.context.support.ClassPathXmlApplicationContext.prepareRefresh(513): Refreshing org.springframework.context.support.ClassPathXmlApplicationContext@3ee3a2: startup date [Wed Oct 11 21:48:34 SGT 2017]; root of context hierarchy
[iothub] 2017-10-11 21:48:34.4834 - [INFO] org.springframework.beans.factory.xml.XmlBeanDefinitionReader.loadBeanDefinitions(316): Loading XML bean definitions from class path resource [mbean/remote/client.xml]
[iothub] 2017-10-11 21:57:33.5733 - [INFO] org.springframework.context.support.ClassPathXmlApplicationContext.prepareRefresh(513): Refreshing org.springframework.context.support.ClassPathXmlApplicationContext@17556fd: startup date [Wed Oct 11 21:57:33 SGT 2017]; root of context hierarchy
[iothub] 2017-10-11 21:57:33.5733 - [INFO] org.springframework.beans.factory.xml.XmlBeanDefinitionReader.loadBeanDefinitions(316): Loading XML bean definitions from class path resource [mbean/remote/server.xml]
[iothub] 2017-10-11 21:57:34.5734 - [INFO] org.springframework.jmx.export.annotation.AnnotationMBeanExporter.afterPropertiesSet(415): Registering beans for JMX exposure on startup
[iothub] 2017-10-11 21:57:34.5734 - [INFO] org.springframework.remoting.rmi.RmiRegistryFactoryBean.getRegistry(254): Looking for RMI registry at port '1099'
[iothub] 2017-10-11 21:58:32.5832 - [INFO] org.springframework.context.support.ClassPathXmlApplicationContext.prepareRefresh(513): Refreshing org.springframework.context.support.ClassPathXmlApplicationContext@17556fd: startup date [Wed Oct 11 21:58:32 SGT 2017]; root of context hierarchy
[iothub] 2017-10-11 21:58:32.5832 - [INFO] org.springframework.beans.factory.xml.XmlBeanDefinitionReader.loadBeanDefinitions(316): Loading XML bean definitions from class path resource [mbean/remote/server.xml]
[iothub] 2017-10-11 21:58:32.5832 - [INFO] org.springframework.jmx.export.annotation.AnnotationMBeanExporter.afterPropertiesSet(415): Registering beans for JMX exposure on startup
[iothub] 2017-10-11 21:58:32.5832 - [INFO] org.springframework.remoting.rmi.RmiRegistryFactoryBean.getRegistry(254): Looking for RMI registry at port '1099'
[iothub] 2017-10-11 21:58:34.5834 - [INFO] org.springframework.remoting.rmi.RmiRegistryFactoryBean.getRegistry(265): Could not detect RMI registry - creating new one
[iothub] 2017-10-11 21:58:34.5834 - [INFO] org.springframework.jmx.support.ConnectorServerFactoryBean.afterPropertiesSet(192): JMX connector server started: javax.management.remote.rmi.RMIConnectorServer@18ba8c8
[iothub] 2017-10-11 21:58:34.5834 - [INFO] org.springframework.jmx.export.annotation.AnnotationMBeanExporter.autodetect(895): Bean with name 'org.springframework.jmx.support.ConnectorServerFactoryBean#0' has been autodetected for JMX exposure
[iothub] 2017-10-11 21:58:34.5834 - [INFO] org.springframework.jmx.export.annotation.AnnotationMBeanExporter.autodetect(895): Bean with name 'remoteBean' has been autodetected for JMX exposure
[iothub] 2017-10-11 21:58:34.5834 - [INFO] org.springframework.jmx.export.annotation.AnnotationMBeanExporter.registerBeanInstance(658): Located managed bean 'remoteBean': registering with JMX server as MBean [remote:name=RemoteBean]
[iothub] 2017-10-11 21:58:34.5834 - [INFO] org.springframework.jmx.export.annotation.AnnotationMBeanExporter.registerBeanInstance(651): Located MBean 'org.springframework.jmx.support.ConnectorServerFactoryBean#0': registering with JMX server as MBean [javax.management.remote.rmi:name=org.springframework.jmx.support.ConnectorServerFactoryBean#0,type=RMIConnectorServer]
[iothub] 2017-10-11 21:58:34.5834 - [INFO] org.springframework.context.support.ClassPathXmlApplicationContext.prepareRefresh(513): Refreshing org.springframework.context.support.ClassPathXmlApplicationContext@3ee3a2: startup date [Wed Oct 11 21:58:34 SGT 2017]; root of context hierarchy
[iothub] 2017-10-11 21:58:34.5834 - [INFO] org.springframework.beans.factory.xml.XmlBeanDefinitionReader.loadBeanDefinitions(316): Loading XML bean definitions from class path resource [mbean/remote/client.xml]
[iothub] 2017-10-11 22:00:05.05 - [INFO] org.springframework.context.support.ClassPathXmlApplicationContext.prepareRefresh(513): Refreshing org.springframework.context.support.ClassPathXmlApplicationContext@17556fd: startup date [Wed Oct 11 22:00:05 SGT 2017]; root of context hierarchy
[iothub] 2017-10-11 22:00:05.05 - [INFO] org.springframework.beans.factory.xml.XmlBeanDefinitionReader.loadBeanDefinitions(316): Loading XML bean definitions from class path resource [mbean/remote/server.xml]
[iothub] 2017-10-11 22:00:06.06 - [INFO] org.springframework.jmx.export.annotation.AnnotationMBeanExporter.afterPropertiesSet(415): Registering beans for JMX exposure on startup
[iothub] 2017-10-11 22:00:06.06 - [INFO] org.springframework.remoting.rmi.RmiRegistryFactoryBean.getRegistry(254): Looking for RMI registry at port '1099'
[iothub] 2017-10-11 22:00:07.07 - [INFO] org.springframework.remoting.rmi.RmiRegistryFactoryBean.getRegistry(265): Could not detect RMI registry - creating new one
[iothub] 2017-10-11 22:00:08.08 - [INFO] org.springframework.jmx.support.ConnectorServerFactoryBean.afterPropertiesSet(192): JMX connector server started: javax.management.remote.rmi.RMIConnectorServer@18ba8c8
[iothub] 2017-10-11 22:00:08.08 - [INFO] org.springframework.jmx.export.annotation.AnnotationMBeanExporter.autodetect(895): Bean with name 'org.springframework.jmx.support.ConnectorServerFactoryBean#0' has been autodetected for JMX exposure
[iothub] 2017-10-11 22:00:08.08 - [INFO] org.springframework.jmx.export.annotation.AnnotationMBeanExporter.autodetect(895): Bean with name 'remoteBean' has been autodetected for JMX exposure
[iothub] 2017-10-11 22:00:08.08 - [INFO] org.springframework.jmx.export.annotation.AnnotationMBeanExporter.registerBeanInstance(658): Located managed bean 'remoteBean': registering with JMX server as MBean [remote:name=RemoteBean]
[iothub] 2017-10-11 22:00:08.08 - [INFO] org.springframework.jmx.export.annotation.AnnotationMBeanExporter.registerBeanInstance(651): Located MBean 'org.springframework.jmx.support.ConnectorServerFactoryBean#0': registering with JMX server as MBean [javax.management.remote.rmi:name=org.springframework.jmx.support.ConnectorServerFactoryBean#0,type=RMIConnectorServer]
[iothub] 2017-10-11 22:00:08.08 - [INFO] org.springframework.context.support.ClassPathXmlApplicationContext.prepareRefresh(513): Refreshing org.springframework.context.support.ClassPathXmlApplicationContext@3ee3a2: startup date [Wed Oct 11 22:00:08 SGT 2017]; root of context hierarchy
[iothub] 2017-10-11 22:00:08.08 - [INFO] org.springframework.beans.factory.xml.XmlBeanDefinitionReader.loadBeanDefinitions(316): Loading XML bean definitions from class path resource [mbean/remote/client.xml]
[iothub] 2017-10-11 22:01:26.126 - [INFO] org.springframework.context.support.ClassPathXmlApplicationContext.prepareRefresh(513): Refreshing org.springframework.context.support.ClassPathXmlApplicationContext@17556fd: startup date [Wed Oct 11 22:01:26 SGT 2017]; root of context hierarchy
[iothub] 2017-10-11 22:01:26.126 - [INFO] org.springframework.beans.factory.xml.XmlBeanDefinitionReader.loadBeanDefinitions(316): Loading XML bean definitions from class path resource [mbean/remote/client.xml]
